-------------------------------------------------------------------------------
Test set: com.fordevs.reports.ReportsApplicationTests
-------------------------------------------------------------------------------
Tests run: 1, Failures: 0, Errors: 1, Skipped: 0, Time elapsed: 0.233 s <<< FAILURE! - in com.fordevs.reports.ReportsApplicationTests
com.fordevs.reports.ReportsApplicationTests  Time elapsed: 0.233 s  <<< ERROR!
java.lang.IllegalStateException: Unable to find a @SpringBootConfiguration, you need to use @ContextConfiguration or @SpringBootTest(classes=...) with your test

