<?xml version="1.0" encoding="UTF-8"?>
<testsuite xmlns:xsi="http://www.w3.org/2001/XMLSchema-instance" xsi:noNamespaceSchemaLocation="https://maven.apache.org/surefire/maven-surefire-plugin/xsd/surefire-test-report.xsd" name="com.fordevs.reports.ReportsApplicationTests" time="0.233" tests="1" errors="1" skipped="0" failures="0">
  <properties>
[...]
</properties>
  <testcase name="com.fordevs.reports.ReportsApplicationTests" classname="com.fordevs.reports.ReportsApplicationTests" time="0.233">
    <error message="Unable to find a @SpringBootConfiguration, you need to use @ContextConfiguration or @SpringBootTest(classes=...) with your test" type="java.lang.IllegalStateException">java.lang.IllegalStateException: Unable to find a @SpringBootConfiguration, you need to use @ContextConfiguration or @SpringBootTest(classes=...) with your test
</error>
    <system-out><![CDATA[11:57:32.446 [main] DEBUG org.springframework.test.context.BootstrapUtils - Instantiating CacheAwareContextLoaderDelegate from class [org.springframework.test.context.cache.DefaultCacheAwareContextLoaderDelegate]
11:57:32.457 [main] DEBUG org.springframework.test.context.BootstrapUtils - Instantiating BootstrapContext using constructor [public org.springframework.test.context.support.DefaultBootstrapContext(java.lang.Class,org.springframework.test.context.CacheAwareContextLoaderDelegate)]
11:57:32.494 [main] DEBUG org.springframework.test.context.BootstrapUtils - Instantiating TestContextBootstrapper for test class [com.fordevs.reports.ReportsApplicationTests] from class [org.springframework.boot.test.context.SpringBootTestContextBootstrapper]
11:57:32.505 [main] INFO org.springframework.boot.test.context.SpringBootTestContextBootstrapper - Neither @ContextConfiguration nor @ContextHierarchy found for test class [com.fordevs.reports.ReportsApplicationTests], using SpringBootContextLoader
11:57:32.509 [main] DEBUG org.springframework.test.context.support.AbstractContextLoader - Did not detect default resource location for test class [com.fordevs.reports.ReportsApplicationTests]: class path resource [com/fordevs/reports/ReportsApplicationTests-context.xml] does not exist
11:57:32.510 [main] DEBUG org.springframework.test.context.support.AbstractContextLoader - Did not detect default resource location for test class [com.fordevs.reports.ReportsApplicationTests]: class path resource [com/fordevs/reports/ReportsApplicationTestsContext.groovy] does not exist
11:57:32.510 [main] INFO org.springframework.test.context.support.AbstractContextLoader - Could not detect default resource locations for test class [com.fordevs.reports.ReportsApplicationTests]: no resource found for suffixes {-context.xml, Context.groovy}.
11:57:32.511 [main] INFO org.springframework.test.context.support.AnnotationConfigContextLoaderUtils - Could not detect default configuration classes for test class [com.fordevs.reports.ReportsApplicationTests]: ReportsApplicationTests does not declare any static, non-private, non-final, nested classes annotated with @Configuration.
11:57:32.558 [main] DEBUG org.springframework.test.context.support.ActiveProfilesUtils - Could not find an 'annotation declaring class' for annotation type [org.springframework.test.context.ActiveProfiles] and class [com.fordevs.reports.ReportsApplicationTests]
]]></system-out>
  </testcase>
</testsuite>